{"level":"info","message":"Listening on port 3000..."}
{"level":"info","message":"Listening on port 3000..."}
{"level":"info","message":"Connected to mongodb://localhost/vidly..."}
{"level":"info","message":"Listening on port 3000..."}
{"level":"info","message":"Connected to mongodb://localhost/vidly_test..."}
{"level":"info","message":"Listening on port 3000..."}
{"level":"info","message":"Connected to mongodb://localhost/vidly_test..."}
{"level":"info","message":"Listening on port 3000..."}
{"level":"info","message":"Connected to mongodb://localhost/vidly_test..."}
{"level":"info","message":"Listening on port 3000..."}
{"level":"info","message":"Connected to mongodb://localhost/vidly_test..."}
{"level":"info","message":"Listening on port 3000..."}
{"level":"info","message":"Connected to mongodb://localhost/vidly_test..."}
{"level":"info","message":"Listening on port 3000..."}
{"level":"info","message":"Connected to mongodb://localhost/vidly_test..."}
{"level":"info","message":"Listening on port 3000..."}
{"level":"info","message":"Connected to mongodb://localhost/vidly_test..."}
{"level":"info","message":"Listening on port 3000..."}
{"level":"info","message":"Connected to mongodb://localhost/vidly_test..."}
{"level":"info","message":"Listening on port 3000..."}
{"level":"info","message":"Connected to mongodb://localhost/vidly_test..."}
{"level":"info","message":"Listening on port 3000..."}
{"level":"info","message":"Connected to mongodb://localhost/vidly..."}
{"level":"info","message":"Listening on http://localhost:3000..."}
{"level":"info","message":"Connected to mongodb://localhost/vidly..."}
{"level":"info","message":"Listening on http://localhost:3000"}
{"level":"info","message":"Connected to mongodb://localhost/vidly..."}
{"level":"info","message":"Listening on http://localhost:3000"}
{"level":"info","message":"Connected to mongodb://localhost/vidly..."}
{"level":"info","message":"Listening on http://localhost:3000"}
{"level":"info","message":"Connected to mongodb://localhost/vidly..."}
{"level":"info","message":"Listening on http://localhost:3000"}
{"level":"info","message":"Connected to mongodb://localhost/vidly..."}
{"level":"info","message":"Listening on http://localhost:3000"}
{"level":"info","message":"Connected to mongodb://localhost/vidly..."}
{"level":"error","message":"error"}
{"level":"info","message":"Listening on http://localhost:3000"}
{"level":"info","message":"Connected to mongodb://localhost/vidly..."}
{"level":"error","message":"error"}
{"level":"error","message":"error"}
{"level":"error","message":"error"}
{"level":"error","message":"error"}
{"level":"info","message":"Listening on http://localhost:3000"}
{"level":"info","message":"Connected to mongodb://localhost/vidly..."}
{"level":"info","message":"Listening on http://localhost:3000"}
{"level":"info","message":"Connected to mongodb://localhost/vidly..."}
{"level":"info","message":"Connected to mongodb://localhost/vidly..."}
{"level":"info","message":"Listening on http://localhost:3000"}
{"level":"info","message":"Connected to mongodb://localhost/vidly..."}
{"level":"info","message":"Listening on http://localhost:3000"}
{"level":"info","message":"Connected to mongodb://localhost/vidly..."}
{"level":"info","message":"Listening on http://localhost:3000"}
{"level":"info","message":"Connected to mongodb://localhost/vidly..."}
{"level":"info","message":"Listening on http://localhost:3000"}
{"level":"info","message":"Connected to mongodb://localhost/vidly..."}
{"level":"info","message":"Listening on http://localhost:3000"}
{"level":"info","message":"Connected to mongodb://localhost/vidly..."}
{"level":"info","message":"Listening on http://localhost:3000"}
{"level":"info","message":"Listening on http://localhost:3000"}
{"level":"info","message":"Connected to mongodb+srv://DBuser:Md9Ib4VdexP2N5d4@cluster0.sgfqjcw.mongodb.net/vidly_db?retryWrites=true&w=majority&appName=Cluster0..."}
{"level":"info","message":"Listening on http://localhost:3000"}
{"level":"info","message":"Connected to mongodb://localhost/vidly..."}
{"level":"info","message":"Listening on http://localhost:3000"}
{"level":"info","message":"Listening on http://localhost:3000"}
{"level":"info","message":"Listening on http://localhost:3000"}
{"level":"info","message":"Connected to mongodb://localhost/vidly..."}
{"level":"info","message":"Listening on http://localhost:3000"}
{"level":"info","message":"Connected to mongodb+srv://DBuser:Md9Ib4VdexP2N5d4@cluster0.sgfqjcw.mongodb.net/vidly_db?retryWrites=true&w=majority&appName=Cluster0..."}
{"level":"info","message":"Listening on http://localhost:3000"}
{"level":"info","message":"Connected to mongodb+srv://DBuser:Md9Ib4VdexP2N5d4@cluster0.sgfqjcw.mongodb.net/vidly_db?retryWrites=true&w=majority&appName=Cluster0..."}
{"level":"info","message":"Listening on http://localhost:3000"}
{"level":"info","message":"Connected to mongodb://localhost/vidly..."}
{"level":"info","message":"Listening on http://localhost:3000"}
{"level":"info","message":"Connected to mongodb+srv://DBuser:Md9Ib4VdexP2N5d4@cluster0.sgfqjcw.mongodb.net/vidly_db?retryWrites=true&w=majority&appName=Cluster0..."}
{"level":"info","message":"Listening on http://localhost:3000"}
{"level":"info","message":"Connected to mongodb+srv://DBuser:Md9Ib4VdexP2N5d4@cluster0.sgfqjcw.mongodb.net/vidly_db?retryWrites=true&w=majority&appName=Cluster0..."}
{"level":"info","message":"Listening on http://localhost:3000"}
{"level":"info","message":"Connected to mongodb+srv://DBuser:Md9Ib4VdexP2N5d4@cluster0.sgfqjcw.mongodb.net/vidly_db?retryWrites=true&w=majority&appName=Cluster0..."}
{"level":"info","message":"Listening on http://localhost:3000"}
{"level":"info","message":"Connected to mongodb+srv://DBuser:Md9Ib4VdexP2N5d4@cluster0.sgfqjcw.mongodb.net/vidly_db?retryWrites=true&w=majority&appName=Cluster0..."}
{"level":"info","message":"Listening on http://localhost:3000"}
{"level":"info","message":"Connected to mongodb+srv://DBuser:Md9Ib4VdexP2N5d4@cluster0.sgfqjcw.mongodb.net/vidly_db?retryWrites=true&w=majority&appName=Cluster0..."}
{"level":"info","message":"Listening on http://localhost:3000"}
{"level":"info","message":"Connected to mongodb+srv://DBuser:Md9Ib4VdexP2N5d4@cluster0.sgfqjcw.mongodb.net/vidly_db?retryWrites=true&w=majority&appName=Cluster0..."}
{"level":"info","message":"Listening on http://localhost:3000"}
{"level":"info","message":"Connected to mongodb+srv://DBuser:Md9Ib4VdexP2N5d4@cluster0.sgfqjcw.mongodb.net/vidly_db?retryWrites=true&w=majority&appName=Cluster0..."}
{"level":"info","message":"Listening on http://localhost:3000"}
{"level":"info","message":"Connected to mongodb://localhost/vidly..."}
{"level":"info","message":"Listening on http://localhost:3000"}
{"level":"info","message":"Listening on http://localhost:3000"}
{"level":"info","message":"Connected to mongodb://localhost/vidly..."}
{"level":"info","message":"Listening on http://localhost:3000"}
{"level":"info","message":"Connected to mongodb://localhost/vidly..."}
{"level":"info","message":"Listening on http://localhost:3000"}
{"level":"info","message":"Connected to mongodb+srv://DBuser:Md9Ib4VdexP2N5d4@cluster0.sgfqjcw.mongodb.net/vidly_db?retryWrites=true&w=majority&appName=Cluster0..."}
{"level":"info","message":"Listening on http://localhost:3000"}
{"level":"info","message":"Connected to mongodb+srv://DBuser:Md9Ib4VdexP2N5d4@cluster0.sgfqjcw.mongodb.net/vidly_db?retryWrites=true&w=majority&appName=Cluster0..."}
{"level":"info","message":"Listening on http://localhost:3000"}
{"level":"info","message":"Connected to mongodb+srv://DBuser:Md9Ib4VdexP2N5d4@cluster0.sgfqjcw.mongodb.net/vidly_db?retryWrites=true&w=majority&appName=Cluster0..."}
{"level":"info","message":"Listening on http://localhost:3000"}
{"level":"info","message":"Connected to mongodb+srv://DBuser:Md9Ib4VdexP2N5d4@cluster0.sgfqjcw.mongodb.net/vidly_db?retryWrites=true&w=majority&appName=Cluster0..."}
{"level":"info","message":"Connected to mongodb://localhost/vidly..."}
{"level":"error","message":"error"}
{"level":"info","message":"Connected to mongodb://localhost/vidly..."}
{"level":"info","message":"Connected to mongodb+srv://DBuser:Md9Ib4VdexP2N5d4@cluster0.sgfqjcw.mongodb.net/vidly_db?retryWrites=true&w=majority&appName=Cluster0..."}
